<?xml version="1.0" encoding="UTF-8"?>
<testsuite name="edu.wpi.teamC.DefaultTest" tests="2" skipped="0" failures="0" errors="0" timestamp="2022-02-23T16:24:34" hostname="Bergins-MacBook-Pro-6273.local" time="0.02">
  <properties/>
  <testcase name="testLocationToNode()" classname="edu.wpi.teamC.DefaultTest" time="0.018"/>
  <testcase name="test()" classname="edu.wpi.teamC.DefaultTest" time="0.001"/>
  <system-out><![CDATA[]]></system-out>
  <system-err><![CDATA[]]></system-err>
</testsuite>
